# JRE version: Java(TM) SE Runtime Environment (8.0_202-b08) (build 1.8.0_202-b08)
# Java VM: Java HotSpot(TM) 64-Bit Server VM (25.202-b08 mixed mode windows-amd64 compressed oops)
Heap:
 PSYoungGen      total 77824K, used 38793K [0x000000076bd00000, 0x0000000772400000, 0x00000007c0000000)
  eden space 53248K, 67% used [0x000000076bd00000,0x000000076e00f638,0x000000076f100000)
  from space 24576K, 11% used [0x0000000770c00000,0x0000000770ed3030,0x0000000772400000)
  to   space 26112K, 0% used [0x000000076f100000,0x000000076f100000,0x0000000770a80000)
 ParOldGen       total 173568K, used 52959K [0x00000006c3600000, 0x00000006cdf80000, 0x000000076bd00000)
  object space 173568K, 30% used [0x00000006c3600000,0x00000006c69b7d50,0x00000006cdf80000)
 Metaspace       used 17202K, capacity 17390K, committed 17536K, reserved 1064960K
  class space    used 2105K, capacity 2159K, committed 2176K, reserved 1048576K
GC Heap History (10 events):
Event: 34.180 GC heap before
{Heap before GC invocations=10 (full 0):
 PSYoungGen      total 61440K, used 60817K [0x000000076bd00000, 0x0000000772c00000, 0x00000007c0000000)
  eden space 58368K, 99% used [0x000000076bd00000,0x000000076f5817b0,0x000000076f600000)
  from space 3072K, 96% used [0x000000076f700000,0x000000076f9e3030,0x000000076fa00000)
  to   space 27648K, 0% used [0x0000000771100000,0x0000000771100000,0x0000000772c00000)
 ParOldGen       total 173568K, used 52879K [0x00000006c3600000, 0x00000006cdf80000, 0x000000076bd00000)
  object space 173568K, 30% used [0x00000006c3600000,0x00000006c69a3d50,0x00000006cdf80000)
 Metaspace       used 17035K, capacity 17262K, committed 17536K, reserved 1064960K
  class space    used 2100K, capacity 2159K, committed 2176K, reserved 1048576K
Event: 34.182 GC heap after
Heap after GC invocations=10 (full 0):
 PSYoungGen      total 83968K, used 2860K [0x000000076bd00000, 0x0000000772b00000, 0x00000007c0000000)
  eden space 57344K, 0% used [0x000000076bd00000,0x000000076bd00000,0x000000076f500000)
  from space 26624K, 10% used [0x0000000771100000,0x00000007713cb030,0x0000000772b00000)
  to   space 27648K, 0% used [0x000000076f500000,0x000000076f500000,0x0000000771000000)
 ParOldGen       total 173568K, used 52895K [0x00000006c3600000, 0x00000006cdf80000, 0x000000076bd00000)
  object space 173568K, 30% used [0x00000006c3600000,0x00000006c69a7d50,0x00000006cdf80000)
 Metaspace       used 17035K, capacity 17262K, committed 17536K, reserved 1064960K
  class space    used 2100K, capacity 2159K, committed 2176K, reserved 1048576K
}
Event: 36.260 GC heap before
{Heap before GC invocations=11 (full 0):
 PSYoungGen      total 83968K, used 59803K [0x000000076bd00000, 0x0000000772b00000, 0x00000007c0000000)
  eden space 57344K, 99% used [0x000000076bd00000,0x000000076f49bc18,0x000000076f500000)
  from space 26624K, 10% used [0x0000000771100000,0x00000007713cb030,0x0000000772b00000)
  to   space 27648K, 0% used [0x000000076f500000,0x000000076f500000,0x0000000771000000)
 ParOldGen       total 173568K, used 52895K [0x00000006c3600000, 0x00000006cdf80000, 0x000000076bd00000)
  object space 173568K, 30% used [0x00000006c3600000,0x00000006c69a7d50,0x00000006cdf80000)
 Metaspace       used 17035K, capacity 17262K, committed 17536K, reserved 1064960K
  class space    used 2100K, capacity 2159K, committed 2176K, reserved 1048576K
Event: 36.262 GC heap after
Heap after GC invocations=11 (full 0):
 PSYoungGen      total 59392K, used 2828K [0x000000076bd00000, 0x0000000772a00000, 0x00000007c0000000)
  eden space 56320K, 0% used [0x000000076bd00000,0x000000076bd00000,0x000000076f400000)
  from space 3072K, 92% used [0x000000076f500000,0x000000076f7c3030,0x000000076f800000)
  to   space 27648K, 0% used [0x0000000770f00000,0x0000000770f00000,0x0000000772a00000)
 ParOldGen       total 173568K, used 52919K [0x00000006c3600000, 0x00000006cdf80000, 0x000000076bd00000)
  object space 173568K, 30% used [0x00000006c3600000,0x00000006c69add50,0x00000006cdf80000)
 Metaspace       used 17035K, capacity 17262K, committed 17536K, reserved 1064960K
  class space    used 2100K, capacity 2159K, committed 2176K, reserved 1048576K
}
Event: 38.318 GC heap before
{Heap before GC invocations=12 (full 0):
 PSYoungGen      total 59392K, used 58851K [0x000000076bd00000, 0x0000000772a00000, 0x00000007c0000000)
  eden space 56320K, 99% used [0x000000076bd00000,0x000000076f3b5ea8,0x000000076f400000)
  from space 3072K, 92% used [0x000000076f500000,0x000000076f7c3030,0x000000076f800000)
  to   space 27648K, 0% used [0x0000000770f00000,0x0000000770f00000,0x0000000772a00000)
 ParOldGen       total 173568K, used 52919K [0x00000006c3600000, 0x00000006cdf80000, 0x000000076bd00000)
  object space 173568K, 30% used [0x00000006c3600000,0x00000006c69add50,0x00000006cdf80000)
 Metaspace       used 17035K, capacity 17262K, committed 17536K, reserved 1064960K
  class space    used 2100K, capacity 2159K, committed 2176K, reserved 1048576K
Event: 38.319 GC heap after
Heap after GC invocations=12 (full 0):
 PSYoungGen      total 80896K, used 2924K [0x000000076bd00000, 0x0000000772800000, 0x00000007c0000000)
  eden space 55296K, 0% used [0x000000076bd00000,0x000000076bd00000,0x000000076f300000)
  from space 25600K, 11% used [0x0000000770f00000,0x00000007711db030,0x0000000772800000)
  to   space 27136K, 0% used [0x000000076f300000,0x000000076f300000,0x0000000770d80000)
 ParOldGen       total 173568K, used 52927K [0x00000006c3600000, 0x00000006cdf80000, 0x000000076bd00000)
  object space 173568K, 30% used [0x00000006c3600000,0x00000006c69afd50,0x00000006cdf80000)
 Metaspace       used 17035K, capacity 17262K, committed 17536K, reserved 1064960K
  class space    used 2100K, capacity 2159K, committed 2176K, reserved 1048576K
}
Event: 40.350 GC heap before
{Heap before GC invocations=13 (full 0):
 PSYoungGen      total 80896K, used 58032K [0x000000076bd00000, 0x0000000772800000, 0x00000007c0000000)
  eden space 55296K, 99% used [0x000000076bd00000,0x000000076f2d13c8,0x000000076f300000)
  from space 25600K, 11% used [0x0000000770f00000,0x00000007711db030,0x0000000772800000)
  to   space 27136K, 0% used [0x000000076f300000,0x000000076f300000,0x0000000770d80000)
 ParOldGen       total 173568K, used 52927K [0x00000006c3600000, 0x00000006cdf80000, 0x000000076bd00000)
  object space 173568K, 30% used [0x00000006c3600000,0x00000006c69afd50,0x00000006cdf80000)
 Metaspace       used 17036K, capacity 17262K, committed 17536K, reserved 1064960K
  class space    used 2100K, capacity 2159K, committed 2176K, reserved 1048576K
Event: 40.350 GC heap after
Heap after GC invocations=13 (full 0):
 PSYoungGen      total 57344K, used 2892K [0x000000076bd00000, 0x0000000772600000, 0x00000007c0000000)
  eden space 54272K, 0% used [0x000000076bd00000,0x000000076bd00000,0x000000076f200000)
  from space 3072K, 94% used [0x000000076f300000,0x000000076f5d3030,0x000000076f600000)
  to   space 26624K, 0% used [0x0000000770c00000,0x0000000770c00000,0x0000000772600000)
 ParOldGen       total 173568K, used 52943K [0x00000006c3600000, 0x00000006cdf80000, 0x000000076bd00000)
  object space 173568K, 30% used [0x00000006c3600000,0x00000006c69b3d50,0x00000006cdf80000)
 Metaspace       used 17036K, capacity 17262K, committed 17536K, reserved 1064960K
  class space    used 2100K, capacity 2159K, committed 2176K, reserved 1048576K
}
Event: 42.318 GC heap before
{Heap before GC invocations=14 (full 0):
 PSYoungGen      total 57344K, used 56794K [0x000000076bd00000, 0x0000000772600000, 0x00000007c0000000)
  eden space 54272K, 99% used [0x000000076bd00000,0x000000076f1a3970,0x000000076f200000)
  from space 3072K, 94% used [0x000000076f300000,0x000000076f5d3030,0x000000076f600000)
  to   space 26624K, 0% used [0x0000000770c00000,0x0000000770c00000,0x0000000772600000)
 ParOldGen       total 173568K, used 52943K [0x00000006c3600000, 0x00000006cdf80000, 0x000000076bd00000)
  object space 173568K, 30% used [0x00000006c3600000,0x00000006c69b3d50,0x00000006cdf80000)
 Metaspace       used 17050K, capacity 17262K, committed 17536K, reserved 1064960K
  class space    used 2100K, capacity 2159K, committed 2176K, reserved 1048576K
Event: 42.319 GC heap after
Heap after GC invocations=14 (full 0):
 PSYoungGen      total 77824K, used 2892K [0x000000076bd00000, 0x0000000772400000, 0x00000007c0000000)
  eden space 53248K, 0% used [0x000000076bd00000,0x000000076bd00000,0x000000076f100000)
  from space 24576K, 11% used [0x0000000770c00000,0x0000000770ed3030,0x0000000772400000)
  to   space 26112K, 0% used [0x000000076f100000,0x000000076f100000,0x0000000770a80000)
 ParOldGen       total 173568K, used 52959K [0x00000006c3600000, 0x00000006cdf80000, 0x000000076bd00000)
  object space 173568K, 30% used [0x00000006c3600000,0x00000006c69b7d50,0x00000006cdf80000)
 Metaspace       used 17050K, capacity 17262K, committed 17536K, reserved 1064960K
  class space    used 2100K, capacity 2159K, committed 2176K, reserved 1048576K
}

