# JRE version: Java(TM) SE Runtime Environment (8.0_202-b08) (build 1.8.0_202-b08)
# Java VM: Java HotSpot(TM) 64-Bit Server VM (25.202-b08 mixed mode windows-amd64 compressed oops)
Heap:
 PSYoungGen      total 75776K, used 66245K [0x000000076bd00000, 0x0000000771180000, 0x00000007c0000000)
  eden space 65024K, 85% used [0x000000076bd00000,0x000000076f334148,0x000000076fc80000)
  from space 10752K, 99% used [0x000000076fc80000,0x00000007706fd530,0x0000000770700000)
  to   space 10752K, 0% used [0x0000000770700000,0x0000000770700000,0x0000000771180000)
 ParOldGen       total 173568K, used 2704K [0x00000006c3600000, 0x00000006cdf80000, 0x000000076bd00000)
  object space 173568K, 1% used [0x00000006c3600000,0x00000006c38a4248,0x00000006cdf80000)
 Metaspace       used 16976K, capacity 17198K, committed 17536K, reserved 1064960K
  class space    used 2100K, capacity 2159K, committed 2176K, reserved 1048576K
GC Heap History (6 events):
Event: 10.089 GC heap before
{Heap before GC invocations=1 (full 0):
 PSYoungGen      total 75776K, used 65024K [0x000000076bd00000, 0x0000000771180000, 0x00000007c0000000)
  eden space 65024K, 100% used [0x000000076bd00000,0x000000076fc80000,0x000000076fc80000)
  from space 10752K, 0% used [0x0000000770700000,0x0000000770700000,0x0000000771180000)
  to   space 10752K, 0% used [0x000000076fc80000,0x000000076fc80000,0x0000000770700000)
 ParOldGen       total 173568K, used 0K [0x00000006c3600000, 0x00000006cdf80000, 0x000000076bd00000)
  object space 173568K, 0% used [0x00000006c3600000,0x00000006c3600000,0x00000006cdf80000)
 Metaspace       used 16718K, capacity 16934K, committed 17280K, reserved 1064960K
  class space    used 2070K, capacity 2159K, committed 2176K, reserved 1048576K
Event: 10.094 GC heap after
Heap after GC invocations=1 (full 0):
 PSYoungGen      total 75776K, used 10747K [0x000000076bd00000, 0x0000000771180000, 0x00000007c0000000)
  eden space 65024K, 0% used [0x000000076bd00000,0x000000076bd00000,0x000000076fc80000)
  from space 10752K, 99% used [0x000000076fc80000,0x00000007706fed98,0x0000000770700000)
  to   space 10752K, 0% used [0x0000000770700000,0x0000000770700000,0x0000000771180000)
 ParOldGen       total 173568K, used 680K [0x00000006c3600000, 0x00000006cdf80000, 0x000000076bd00000)
  object space 173568K, 0% used [0x00000006c3600000,0x00000006c36aa2e8,0x00000006cdf80000)
 Metaspace       used 16718K, capacity 16934K, committed 17280K, reserved 1064960K
  class space    used 2070K, capacity 2159K, committed 2176K, reserved 1048576K
}
Event: 12.218 GC heap before
{Heap before GC invocations=2 (full 0):
 PSYoungGen      total 75776K, used 75659K [0x000000076bd00000, 0x0000000771180000, 0x00000007c0000000)
  eden space 65024K, 99% used [0x000000076bd00000,0x000000076fc63f40,0x000000076fc80000)
  from space 10752K, 99% used [0x000000076fc80000,0x00000007706fed98,0x0000000770700000)
  to   space 10752K, 0% used [0x0000000770700000,0x0000000770700000,0x0000000771180000)
 ParOldGen       total 173568K, used 680K [0x00000006c3600000, 0x00000006cdf80000, 0x000000076bd00000)
  object space 173568K, 0% used [0x00000006c3600000,0x00000006c36aa2e8,0x00000006cdf80000)
 Metaspace       used 16902K, capacity 17126K, committed 17280K, reserved 1064960K
  class space    used 2096K, capacity 2159K, committed 2176K, reserved 1048576K
Event: 12.225 GC heap after
Heap after GC invocations=2 (full 0):
 PSYoungGen      total 75776K, used 10725K [0x000000076bd00000, 0x0000000771180000, 0x00000007c0000000)
  eden space 65024K, 0% used [0x000000076bd00000,0x000000076bd00000,0x000000076fc80000)
  from space 10752K, 99% used [0x0000000770700000,0x0000000771179520,0x0000000771180000)
  to   space 10752K, 0% used [0x000000076fc80000,0x000000076fc80000,0x0000000770700000)
 ParOldGen       total 173568K, used 2688K [0x00000006c3600000, 0x00000006cdf80000, 0x000000076bd00000)
  object space 173568K, 1% used [0x00000006c3600000,0x00000006c38a0248,0x00000006cdf80000)
 Metaspace       used 16902K, capacity 17126K, committed 17280K, reserved 1064960K
  class space    used 2096K, capacity 2159K, committed 2176K, reserved 1048576K
}
Event: 14.547 GC heap before
{Heap before GC invocations=3 (full 0):
 PSYoungGen      total 75776K, used 75434K [0x000000076bd00000, 0x0000000771180000, 0x00000007c0000000)
  eden space 65024K, 99% used [0x000000076bd00000,0x000000076fc31548,0x000000076fc80000)
  from space 10752K, 99% used [0x0000000770700000,0x0000000771179520,0x0000000771180000)
  to   space 10752K, 0% used [0x000000076fc80000,0x000000076fc80000,0x0000000770700000)
 ParOldGen       total 173568K, used 2688K [0x00000006c3600000, 0x00000006cdf80000, 0x000000076bd00000)
  object space 173568K, 1% used [0x00000006c3600000,0x00000006c38a0248,0x00000006cdf80000)
 Metaspace       used 16915K, capacity 17134K, committed 17280K, reserved 1064960K
  class space    used 2096K, capacity 2159K, committed 2176K, reserved 1048576K
Event: 14.552 GC heap after
Heap after GC invocations=3 (full 0):
 PSYoungGen      total 75776K, used 10741K [0x000000076bd00000, 0x0000000771180000, 0x00000007c0000000)
  eden space 65024K, 0% used [0x000000076bd00000,0x000000076bd00000,0x000000076fc80000)
  from space 10752K, 99% used [0x000000076fc80000,0x00000007706fd530,0x0000000770700000)
  to   space 10752K, 0% used [0x0000000770700000,0x0000000770700000,0x0000000771180000)
 ParOldGen       total 173568K, used 2704K [0x00000006c3600000, 0x00000006cdf80000, 0x000000076bd00000)
  object space 173568K, 1% used [0x00000006c3600000,0x00000006c38a4248,0x00000006cdf80000)
 Metaspace       used 16915K, capacity 17134K, committed 17280K, reserved 1064960K
  class space    used 2096K, capacity 2159K, committed 2176K, reserved 1048576K
}

